<?xml version="1.0" encoding="UTF-8"?>
<testng-results ignored="0" total="1" passed="1" failed="0" skipped="0">
  <reporter-output>
    <line>
      <![CDATA[database is connected]]>
    </line>
    <line>
      <![CDATA[customer created]]>
    </line>
    <line>
      <![CDATA[database is disconnected]]>
    </line>
  </reporter-output>
  <suite started-at="2023-01-16T12:36:44 IST" name="Default suite" finished-at="2023-01-16T12:37:17 IST" duration-ms="32698">
    <groups>
    </groups>
    <test started-at="2023-01-16T12:36:44 IST" name="Default test" finished-at="2023-01-16T12:37:17 IST" duration-ms="32698">
      <class name="com.crm.actitime.testscripts.CreateCustomer">
        <test-method is-config="true" signature="databaseconnection()[pri:0, instance:com.crm.actitime.testscripts.CreateCustomer@306f16f3]" started-at="2023-01-16T12:36:44 IST" name="databaseconnection" finished-at="2023-01-16T12:36:44 IST" duration-ms="11" status="PASS">
          <reporter-output>
            <line>
              <![CDATA[database is connected]]>
            </line>
          </reporter-output>
        </test-method> <!-- databaseconnection -->
        <test-method is-config="true" signature="launchBrowser()[pri:0, instance:com.crm.actitime.testscripts.CreateCustomer@306f16f3]" started-at="2023-01-16T12:36:44 IST" name="launchBrowser" finished-at="2023-01-16T12:37:07 IST" duration-ms="22127" status="PASS">
          <reporter-output>
          </reporter-output>
        </test-method> <!-- launchBrowser -->
        <test-method is-config="true" signature="login()[pri:0, instance:com.crm.actitime.testscripts.CreateCustomer@306f16f3]" started-at="2023-01-16T12:37:07 IST" name="login" finished-at="2023-01-16T12:37:07 IST" duration-ms="298" status="PASS">
          <reporter-output>
          </reporter-output>
        </test-method> <!-- login -->
        <test-method signature="createcustomer()[pri:0, instance:com.crm.actitime.testscripts.CreateCustomer@306f16f3]" started-at="2023-01-16T12:37:07 IST" name="createcustomer" finished-at="2023-01-16T12:37:07 IST" duration-ms="8" status="PASS">
          <reporter-output>
            <line>
              <![CDATA[customer created]]>
            </line>
          </reporter-output>
        </test-method> <!-- createcustomer -->
        <test-method is-config="true" signature="logout()[pri:0, instance:com.crm.actitime.testscripts.CreateCustomer@306f16f3]" started-at="2023-01-16T12:37:07 IST" name="logout" finished-at="2023-01-16T12:37:17 IST" duration-ms="10044" status="PASS">
          <reporter-output>
          </reporter-output>
        </test-method> <!-- logout -->
        <test-method is-config="true" signature="closeBrowser()[pri:0, instance:com.crm.actitime.testscripts.CreateCustomer@306f16f3]" started-at="2023-01-16T12:37:17 IST" name="closeBrowser" finished-at="2023-01-16T12:37:17 IST" duration-ms="176" status="PASS">
          <reporter-output>
          </reporter-output>
        </test-method> <!-- closeBrowser -->
        <test-method is-config="true" signature="databasedisconnection()[pri:0, instance:com.crm.actitime.testscripts.CreateCustomer@306f16f3]" started-at="2023-01-16T12:37:17 IST" name="databasedisconnection" finished-at="2023-01-16T12:37:17 IST" duration-ms="0" status="PASS">
          <reporter-output>
            <line>
              <![CDATA[database is disconnected]]>
            </line>
          </reporter-output>
        </test-method> <!-- databasedisconnection -->
      </class> <!-- com.crm.actitime.testscripts.CreateCustomer -->
    </test> <!-- Default test -->
  </suite> <!-- Default suite -->
</testng-results>
